<?xml version="1.0" encoding="UTF-8"?>
<!-- Generated by org.testng.reporters.JUnitReportReporter -->
<testsuite hostname="user1" failures="0" tests="1" name="testScripts.DemoTest" time="7.845" errors="0" timestamp="2025-03-25T17:02:21 IST" skipped="0">
  <testcase classname="testScripts.DemoTest" name="f" time="7.845"/>
</testsuite> <!-- testScripts.DemoTest -->
